<?xml version="1.0" encoding="UTF-8"?>
<testng-results skipped="0" failed="0" ignored="0" total="1" passed="1">
  <reporter-output>
  </reporter-output>
  <suite name="Default suite" duration-ms="52193" started-at="2019-05-23T21:20:15Z" finished-at="2019-05-23T21:21:07Z">
    <groups>
    </groups>
    <test name="Default test" duration-ms="52193" started-at="2019-05-23T21:20:15Z" finished-at="2019-05-23T21:21:07Z">
      <class name="Test.Busqueda_producto">
        <test-method status="PASS" signature="busquedaProducto()[pri:0, instance:Test.Busqueda_producto@1e88b3c]" name="busquedaProducto" duration-ms="51494" started-at="2019-05-23T21:20:15Z" finished-at="2019-05-23T21:21:07Z">
          <reporter-output>
          </reporter-output>
        </test-method> <!-- busquedaProducto -->
        <test-method status="PASS" signature="afterClass()[pri:0, instance:Test.Busqueda_producto@1e88b3c]" name="afterClass" is-config="true" duration-ms="669" started-at="2019-05-23T21:21:07Z" finished-at="2019-05-23T21:21:07Z">
          <reporter-output>
          </reporter-output>
        </test-method> <!-- afterClass -->
      </class> <!-- Test.Busqueda_producto -->
    </test> <!-- Default test -->
  </suite> <!-- Default suite -->
</testng-results>
